<?xml version="1.0" encoding="UTF-8"?>
<testng-results ignored="0" total="1" passed="1" failed="0" skipped="0">
  <reporter-output>
  </reporter-output>
  <suite started-at="2024-11-26T14:35:33 IST" name="SouceSuite" finished-at="2024-11-26T14:36:38 IST" duration-ms="64994">
    <groups>
      <group name="cucumber">
        <method signature="AbstractTestNGCucumberTests.runScenario(io.cucumber.testng.PickleWrapper,io.cucumber.testng.FeatureWrapper)[pri:0, instance:cucumberOption.SauseRunner@367ffa75]" name="runScenario" class="io.cucumber.testng.AbstractTestNGCucumberTests"/>
      </group> <!-- cucumber -->
    </groups>
    <test started-at="2024-11-26T14:35:33 IST" name="CouceTest" finished-at="2024-11-26T14:36:38 IST" duration-ms="64994">
      <class name="cucumberOption.SauseRunner">
        <test-method is-config="true" signature="setUpClass(org.testng.ITestContext)[pri:0, instance:cucumberOption.SauseRunner@367ffa75]" started-at="2024-11-26T14:35:33 IST" name="setUpClass" finished-at="2024-11-26T14:35:33 IST" duration-ms="801" status="PASS">
          <params>
            <param index="0">
              <value>
                <![CDATA[org.testng.TestRunner@77c23d90]]>
              </value>
            </param>
          </params>
          <reporter-output>
          </reporter-output>
        </test-method> <!-- setUpClass -->
        <test-method signature="runScenario(io.cucumber.testng.PickleWrapper,io.cucumber.testng.FeatureWrapper)[pri:0, instance:cucumberOption.SauseRunner@367ffa75]" started-at="2024-11-26T14:35:33 IST" name="runScenario" description="Runs Cucumber Scenarios" data-provider="scenarios" finished-at="2024-11-26T14:36:37 IST" duration-ms="64055" status="PASS">
          <params>
            <param index="0">
              <value>
                <![CDATA["Add products to cart, verify, and complete checkout"]]>
              </value>
            </param>
            <param index="1">
              <value>
                <![CDATA["End-to-End Checkout Workflow for SourceDemo Domain"]]>
              </value>
            </param>
          </params>
          <reporter-output>
          </reporter-output>
        </test-method> <!-- runScenario -->
        <test-method is-config="true" signature="tearDownClass()[pri:0, instance:cucumberOption.SauseRunner@367ffa75]" started-at="2024-11-26T14:36:37 IST" name="tearDownClass" finished-at="2024-11-26T14:36:38 IST" duration-ms="78" status="PASS">
          <reporter-output>
          </reporter-output>
        </test-method> <!-- tearDownClass -->
      </class> <!-- cucumberOption.SauseRunner -->
    </test> <!-- CouceTest -->
  </suite> <!-- SouceSuite -->
</testng-results>
